{"code":8000,"codeName":"AtlasError","connectionGeneration":0,"errorLabelSet":{},"errorResponse":{"code":8000,"codeName":"AtlasError","errmsg":"bad auth : authentication failed","ok":0},"level":"error","message":"Database connection failed: bad auth : authentication failed","ok":0,"service":"safeswap-backend","stack":"MongoServerError: bad auth : authentication failed\n    at Connection.sendCommand (D:\\Attacker\\SafeSwap-Token\\Backend\\node_modules\\mongodb\\lib\\cmap\\connection.js:305:27)\n    at process.processTicksAndRejections (node:internal/process/task_queues:105:5)\n    at async Connection.command (D:\\Attacker\\SafeSwap-Token\\Backend\\node_modules\\mongodb\\lib\\cmap\\connection.js:333:26)\n    at async continueScramConversation (D:\\Attacker\\SafeSwap-Token\\Backend\\node_modules\\mongodb\\lib\\cmap\\auth\\scram.js:131:15)\n    at async executeScram (D:\\Attacker\\SafeSwap-Token\\Backend\\node_modules\\mongodb\\lib\\cmap\\auth\\scram.js:80:5)\n    at async ScramSHA1.auth (D:\\Attacker\\SafeSwap-Token\\Backend\\node_modules\\mongodb\\lib\\cmap\\auth\\scram.js:39:16)\n    at async performInitialHandshake (D:\\Attacker\\SafeSwap-Token\\Backend\\node_modules\\mongodb\\lib\\cmap\\connect.js:104:13)\n    at async connect (D:\\Attacker\\SafeSwap-Token\\Backend\\node_modules\\mongodb\\lib\\cmap\\connect.js:24:9)","timestamp":"2025-07-18 05:51:46"}
{"code":8000,"codeName":"AtlasError","connectionGeneration":0,"errorLabelSet":{},"errorResponse":{"code":8000,"codeName":"AtlasError","errmsg":"bad auth : authentication failed","ok":0},"level":"error","message":"Database connection failed: bad auth : authentication failed","ok":0,"service":"safeswap-backend","stack":"MongoServerError: bad auth : authentication failed\n    at Connection.sendCommand (D:\\Attacker\\SafeSwap-Token\\Backend\\node_modules\\mongodb\\lib\\cmap\\connection.js:305:27)\n    at process.processTicksAndRejections (node:internal/process/task_queues:105:5)\n    at async Connection.command (D:\\Attacker\\SafeSwap-Token\\Backend\\node_modules\\mongodb\\lib\\cmap\\connection.js:333:26)\n    at async continueScramConversation (D:\\Attacker\\SafeSwap-Token\\Backend\\node_modules\\mongodb\\lib\\cmap\\auth\\scram.js:131:15)\n    at async executeScram (D:\\Attacker\\SafeSwap-Token\\Backend\\node_modules\\mongodb\\lib\\cmap\\auth\\scram.js:80:5)\n    at async ScramSHA1.auth (D:\\Attacker\\SafeSwap-Token\\Backend\\node_modules\\mongodb\\lib\\cmap\\auth\\scram.js:39:16)\n    at async performInitialHandshake (D:\\Attacker\\SafeSwap-Token\\Backend\\node_modules\\mongodb\\lib\\cmap\\connect.js:104:13)\n    at async connect (D:\\Attacker\\SafeSwap-Token\\Backend\\node_modules\\mongodb\\lib\\cmap\\connect.js:24:9)","timestamp":"2025-07-18 05:54:46"}
{"level":"info","message":"🔗 Connecting to MongoDB: safeswap.6pk7wds.mongodb.net/safeswap?retryWrites=true&w=majority&appName=SafeSwap","service":"safeswap-backend","timestamp":"2025-07-18 05:55:12"}
{"code":8000,"codeName":"AtlasError","connectionGeneration":0,"errorLabelSet":{},"errorResponse":{"code":8000,"codeName":"AtlasError","errmsg":"bad auth : authentication failed","ok":0},"level":"error","message":"Database connection failed: bad auth : authentication failed","ok":0,"service":"safeswap-backend","stack":"MongoServerError: bad auth : authentication failed\n    at Connection.sendCommand (D:\\Attacker\\SafeSwap-Token\\Backend\\node_modules\\mongodb\\lib\\cmap\\connection.js:305:27)\n    at process.processTicksAndRejections (node:internal/process/task_queues:105:5)\n    at async Connection.command (D:\\Attacker\\SafeSwap-Token\\Backend\\node_modules\\mongodb\\lib\\cmap\\connection.js:333:26)\n    at async continueScramConversation (D:\\Attacker\\SafeSwap-Token\\Backend\\node_modules\\mongodb\\lib\\cmap\\auth\\scram.js:131:15)\n    at async executeScram (D:\\Attacker\\SafeSwap-Token\\Backend\\node_modules\\mongodb\\lib\\cmap\\auth\\scram.js:80:5)\n    at async ScramSHA1.auth (D:\\Attacker\\SafeSwap-Token\\Backend\\node_modules\\mongodb\\lib\\cmap\\auth\\scram.js:39:16)\n    at async performInitialHandshake (D:\\Attacker\\SafeSwap-Token\\Backend\\node_modules\\mongodb\\lib\\cmap\\connect.js:104:13)\n    at async connect (D:\\Attacker\\SafeSwap-Token\\Backend\\node_modules\\mongodb\\lib\\cmap\\connect.js:24:9)","timestamp":"2025-07-18 05:55:13"}
{"level":"info","message":"🔗 Connecting to MongoDB: safeswap.6pk7wds.mongodb.net/safeswap?retryWrites=true&w=majority&appName=SafeSwap","service":"safeswap-backend","timestamp":"2025-07-18 05:58:48"}
{"level":"info","message":"📦 MongoDB connected successfully","service":"safeswap-backend","timestamp":"2025-07-18 05:58:49"}
{"level":"info","message":"📍 Connected to: mongodb+srv://***:***@safeswap.6pk7wds.mongodb.net/safeswap?retryWrites=true&w=majority&appName=SafeSwap","service":"safeswap-backend","timestamp":"2025-07-18 05:58:49"}
{"level":"info","message":"🏓 Database ping successful","service":"safeswap-backend","timestamp":"2025-07-18 05:58:49"}
{"level":"info","message":"🔗 Connecting to MongoDB: safeswap.6pk7wds.mongodb.net/safeswap?retryWrites=true&w=majority&appName=SafeSwap","service":"safeswap-backend","timestamp":"2025-07-18 05:59:33"}
{"level":"info","message":"📦 MongoDB connected successfully","service":"safeswap-backend","timestamp":"2025-07-18 05:59:34"}
{"level":"info","message":"📍 Connected to: mongodb+srv://***:***@safeswap.6pk7wds.mongodb.net/safeswap?retryWrites=true&w=majority&appName=SafeSwap","service":"safeswap-backend","timestamp":"2025-07-18 05:59:34"}
{"level":"info","message":"🏓 Database ping successful","service":"safeswap-backend","timestamp":"2025-07-18 05:59:34"}
{"level":"info","message":"Database connected successfully","service":"safeswap-backend","timestamp":"2025-07-18 05:59:34"}
{"level":"info","message":"Price feed service initialized","service":"safeswap-backend","timestamp":"2025-07-18 05:59:34"}
{"level":"info","message":"SafeSwap Backend API server running on port 5173","service":"safeswap-backend","timestamp":"2025-07-18 05:59:34"}
{"level":"info","message":"Environment: development","service":"safeswap-backend","timestamp":"2025-07-18 05:59:34"}
{"level":"info","message":"Health check: http://localhost:5173/health","service":"safeswap-backend","timestamp":"2025-07-18 05:59:34"}
{"level":"warn","message":"AI_SERVICE_URL is not set. Using fallback scam detection.","service":"safeswap-backend","timestamp":"2025-07-18 06:12:16"}
{"level":"info","message":"🔗 Connecting to MongoDB: safeswap.6pk7wds.mongodb.net/safeswap?retryWrites=true&w=majority&appName=SafeSwap","service":"safeswap-backend","timestamp":"2025-07-18 06:12:16"}
{"level":"info","message":"📦 MongoDB connected successfully","service":"safeswap-backend","timestamp":"2025-07-18 06:12:17"}
{"level":"info","message":"📍 Connected to: mongodb+srv://***:***@safeswap.6pk7wds.mongodb.net/safeswap?retryWrites=true&w=majority&appName=SafeSwap","service":"safeswap-backend","timestamp":"2025-07-18 06:12:17"}
{"level":"info","message":"🏓 Database ping successful","service":"safeswap-backend","timestamp":"2025-07-18 06:12:17"}
{"level":"warn","message":"AI_SERVICE_URL is not set. Using fallback scam detection.","service":"safeswap-backend","timestamp":"2025-07-18 06:13:43"}
{"level":"info","message":"🔗 Connecting to MongoDB: safeswap.6pk7wds.mongodb.net/safeswap?retryWrites=true&w=majority&appName=SafeSwap","service":"safeswap-backend","timestamp":"2025-07-18 06:13:43"}
{"level":"info","message":"📦 MongoDB connected successfully","service":"safeswap-backend","timestamp":"2025-07-18 06:13:44"}
{"level":"info","message":"📍 Connected to: mongodb+srv://***:***@safeswap.6pk7wds.mongodb.net/safeswap?retryWrites=true&w=majority&appName=SafeSwap","service":"safeswap-backend","timestamp":"2025-07-18 06:13:44"}
{"level":"info","message":"🏓 Database ping successful","service":"safeswap-backend","timestamp":"2025-07-18 06:13:44"}
{"level":"info","message":"Database connected successfully","service":"safeswap-backend","timestamp":"2025-07-18 06:13:44"}
{"level":"info","message":"Price feed service initialized","service":"safeswap-backend","timestamp":"2025-07-18 06:13:44"}
{"level":"info","message":"SafeSwap Backend API server running on port 3000","service":"safeswap-backend","timestamp":"2025-07-18 06:13:44"}
{"level":"info","message":"Environment: development","service":"safeswap-backend","timestamp":"2025-07-18 06:13:44"}
{"level":"info","message":"Health check: http://localhost:3000/health","service":"safeswap-backend","timestamp":"2025-07-18 06:13:44"}
{"level":"info","message":"Received SIGINT. Starting graceful shutdown...","service":"safeswap-backend","timestamp":"2025-07-18 06:18:48"}
{"level":"warn","message":"AI_SERVICE_URL is not set. Using fallback scam detection.","service":"safeswap-backend","timestamp":"2025-07-18 06:18:51"}
{"level":"info","message":"🔗 Connecting to MongoDB: safeswap.6pk7wds.mongodb.net/safeswap?retryWrites=true&w=majority&appName=SafeSwap","service":"safeswap-backend","timestamp":"2025-07-18 06:18:51"}
{"level":"info","message":"📦 MongoDB connected successfully","service":"safeswap-backend","timestamp":"2025-07-18 06:18:52"}
{"level":"info","message":"📍 Connected to: mongodb+srv://***:***@safeswap.6pk7wds.mongodb.net/safeswap?retryWrites=true&w=majority&appName=SafeSwap","service":"safeswap-backend","timestamp":"2025-07-18 06:18:52"}
{"level":"info","message":"🏓 Database ping successful","service":"safeswap-backend","timestamp":"2025-07-18 06:18:52"}
{"level":"info","message":"Database connected successfully","service":"safeswap-backend","timestamp":"2025-07-18 06:18:52"}
{"level":"info","message":"Price feed service initialized","service":"safeswap-backend","timestamp":"2025-07-18 06:18:52"}
{"level":"info","message":"SafeSwap Backend API server running on port 3000","service":"safeswap-backend","timestamp":"2025-07-18 06:18:52"}
{"level":"info","message":"Environment: development","service":"safeswap-backend","timestamp":"2025-07-18 06:18:52"}
{"level":"info","message":"Health check: http://localhost:3000/health","service":"safeswap-backend","timestamp":"2025-07-18 06:18:52"}
{"level":"warn","message":"AI_SERVICE_URL is not set. Using fallback scam detection.","service":"safeswap-backend","timestamp":"2025-07-18 09:45:39"}
{"level":"info","message":"🔗 Connecting to MongoDB: safeswap.6pk7wds.mongodb.net/safeswap?retryWrites=true&w=majority&appName=SafeSwap","service":"safeswap-backend","timestamp":"2025-07-18 09:45:39"}
{"code":8000,"codeName":"AtlasError","connectionGeneration":0,"errorLabelSet":{},"errorResponse":{"code":8000,"codeName":"AtlasError","errmsg":"bad auth : Authentication failed.","ok":0},"level":"error","message":"Database connection failed: bad auth : Authentication failed.","ok":0,"service":"safeswap-backend","stack":"MongoServerError: bad auth : Authentication failed.\n    at Connection.sendCommand (D:\\Attacker\\SafeSwap-Token\\Backend\\node_modules\\mongodb\\lib\\cmap\\connection.js:305:27)\n    at process.processTicksAndRejections (node:internal/process/task_queues:105:5)\n    at async Connection.command (D:\\Attacker\\SafeSwap-Token\\Backend\\node_modules\\mongodb\\lib\\cmap\\connection.js:333:26)\n    at async executeScram (D:\\Attacker\\SafeSwap-Token\\Backend\\node_modules\\mongodb\\lib\\cmap\\auth\\scram.js:79:22)\n    at async ScramSHA256.auth (D:\\Attacker\\SafeSwap-Token\\Backend\\node_modules\\mongodb\\lib\\cmap\\auth\\scram.js:39:16)\n    at async performInitialHandshake (D:\\Attacker\\SafeSwap-Token\\Backend\\node_modules\\mongodb\\lib\\cmap\\connect.js:104:13)\n    at async connect (D:\\Attacker\\SafeSwap-Token\\Backend\\node_modules\\mongodb\\lib\\cmap\\connect.js:24:9)","timestamp":"2025-07-18 09:45:40"}
{"level":"warn","message":"AI_SERVICE_URL is not set. Using fallback scam detection.","service":"safeswap-backend","timestamp":"2025-07-18 09:56:14"}
{"level":"info","message":"🔗 Connecting to MongoDB: safeswap.6pk7wds.mongodb.net/safeswap?retryWrites=true&w=majority&appName=SafeSwap","service":"safeswap-backend","timestamp":"2025-07-18 09:56:14"}
{"code":8000,"codeName":"AtlasError","connectionGeneration":0,"errorLabelSet":{},"errorResponse":{"code":8000,"codeName":"AtlasError","errmsg":"bad auth : Authentication failed.","ok":0},"level":"error","message":"Database connection failed: bad auth : Authentication failed.","ok":0,"service":"safeswap-backend","stack":"MongoServerError: bad auth : Authentication failed.\n    at Connection.sendCommand (D:\\Attacker\\SafeSwap-Token\\Backend\\node_modules\\mongodb\\lib\\cmap\\connection.js:305:27)\n    at process.processTicksAndRejections (node:internal/process/task_queues:105:5)\n    at async Connection.command (D:\\Attacker\\SafeSwap-Token\\Backend\\node_modules\\mongodb\\lib\\cmap\\connection.js:333:26)\n    at async executeScram (D:\\Attacker\\SafeSwap-Token\\Backend\\node_modules\\mongodb\\lib\\cmap\\auth\\scram.js:79:22)\n    at async ScramSHA256.auth (D:\\Attacker\\SafeSwap-Token\\Backend\\node_modules\\mongodb\\lib\\cmap\\auth\\scram.js:39:16)\n    at async performInitialHandshake (D:\\Attacker\\SafeSwap-Token\\Backend\\node_modules\\mongodb\\lib\\cmap\\connect.js:104:13)\n    at async connect (D:\\Attacker\\SafeSwap-Token\\Backend\\node_modules\\mongodb\\lib\\cmap\\connect.js:24:9)","timestamp":"2025-07-18 09:56:14"}
{"level":"warn","message":"AI_SERVICE_URL is not set. Using fallback scam detection.","service":"safeswap-backend","timestamp":"2025-07-18 13:31:00"}
{"level":"info","message":"🔗 Connecting to MongoDB: safeswap.6pk7wds.mongodb.net/safeswap?retryWrites=true&w=majority&appName=SafeSwap","service":"safeswap-backend","timestamp":"2025-07-18 13:31:00"}
{"code":8000,"codeName":"AtlasError","connectionGeneration":0,"errorLabelSet":{},"errorResponse":{"code":8000,"codeName":"AtlasError","errmsg":"bad auth : Authentication failed.","ok":0},"level":"error","message":"Database connection failed: bad auth : Authentication failed.","ok":0,"service":"safeswap-backend","stack":"MongoServerError: bad auth : Authentication failed.\n    at Connection.sendCommand (D:\\Attacker\\SafeSwap-Token\\Backend\\node_modules\\mongodb\\lib\\cmap\\connection.js:305:27)\n    at process.processTicksAndRejections (node:internal/process/task_queues:105:5)\n    at async Connection.command (D:\\Attacker\\SafeSwap-Token\\Backend\\node_modules\\mongodb\\lib\\cmap\\connection.js:333:26)\n    at async executeScram (D:\\Attacker\\SafeSwap-Token\\Backend\\node_modules\\mongodb\\lib\\cmap\\auth\\scram.js:79:22)\n    at async ScramSHA256.auth (D:\\Attacker\\SafeSwap-Token\\Backend\\node_modules\\mongodb\\lib\\cmap\\auth\\scram.js:39:16)\n    at async performInitialHandshake (D:\\Attacker\\SafeSwap-Token\\Backend\\node_modules\\mongodb\\lib\\cmap\\connect.js:104:13)\n    at async connect (D:\\Attacker\\SafeSwap-Token\\Backend\\node_modules\\mongodb\\lib\\cmap\\connect.js:24:9)","timestamp":"2025-07-18 13:31:03"}
